<?xml version="1.0" encoding="UTF-8"?>
<!-- Generated by org.testng.reporters.JUnitReportReporter -->
<testsuite hostname="LAPTOP-CJ23D15G" name="rest_sample.day1" tests="2" failures="0" timestamp="17 Mar 2022 11:13:44 GMT" time="3.473" errors="0">
  <testcase name="postexample1" time="3.412" classname="rest_sample.day1"/>
  <testcase name="testcase2" time="0.061" classname="rest_sample.day1"/>
</testsuite> <!-- rest_sample.day1 -->
